Determining if the pthread_create exist failed with the following output:
Change Dir: /home/bob/Bob_old/Brain/Discrete_Planners/build/CMakeFiles/CMakeTmp

Run Build Command:"/usr/bin/make" "cmTC_01b51/fast"
/usr/bin/make -f CMakeFiles/cmTC_01b51.dir/build.make CMakeFiles/cmTC_01b51.dir/build
make[1]: Entering directory '/home/bob/Bob_old/Brain/Discrete_Planners/build/CMakeFiles/CMakeTmp'
Building C object CMakeFiles/cmTC_01b51.dir/CheckSymbolExists.c.o
/usr/bin/cc    -g -O0 -fprofile-arcs -ftest-coverage    -o CMakeFiles/cmTC_01b51.dir/CheckSymbolExists.c.o   -c /home/bob/Bob_old/Brain/Discrete_Planners/build/CMakeFiles/CMakeTmp/CheckSymbolExists.c
Linking C executable cmTC_01b51
/usr/bin/cmake -E cmake_link_script CMakeFiles/cmTC_01b51.dir/link.txt --verbose=1
/usr/bin/cc  -g -O0 -fprofile-arcs -ftest-coverage     CMakeFiles/cmTC_01b51.dir/CheckSymbolExists.c.o  -o cmTC_01b51 -rdynamic 
CMakeFiles/cmTC_01b51.dir/CheckSymbolExists.c.o: In function `main':
/home/bob/Bob_old/Brain/Discrete_Planners/build/CMakeFiles/CMakeTmp/CheckSymbolExists.c:8: undefined reference to `pthread_create'
collect2: error: ld returned 1 exit status
CMakeFiles/cmTC_01b51.dir/build.make:97: recipe for target 'cmTC_01b51' failed
make[1]: *** [cmTC_01b51] Error 1
make[1]: Leaving directory '/home/bob/Bob_old/Brain/Discrete_Planners/build/CMakeFiles/CMakeTmp'
Makefile:126: recipe for target 'cmTC_01b51/fast' failed
make: *** [cmTC_01b51/fast] Error 2

File /home/bob/Bob_old/Brain/Discrete_Planners/build/CMakeFiles/CMakeTmp/CheckSymbolExists.c:
/* */
#include <pthread.h>

int main(int argc, char** argv)
{
  (void)argv;
#ifndef pthread_create
  return ((int*)(&pthread_create))[argc];
#else
  (void)argc;
  return 0;
#endif
}

Determining if the function pthread_create exists in the pthreads failed with the following output:
Change Dir: /home/bob/Bob_old/Brain/Discrete_Planners/build/CMakeFiles/CMakeTmp

Run Build Command:"/usr/bin/make" "cmTC_f6f61/fast"
/usr/bin/make -f CMakeFiles/cmTC_f6f61.dir/build.make CMakeFiles/cmTC_f6f61.dir/build
make[1]: Entering directory '/home/bob/Bob_old/Brain/Discrete_Planners/build/CMakeFiles/CMakeTmp'
Building C object CMakeFiles/cmTC_f6f61.dir/CheckFunctionExists.c.o
/usr/bin/cc    -g -O0 -fprofile-arcs -ftest-coverage -DCHECK_FUNCTION_EXISTS=pthread_create   -o CMakeFiles/cmTC_f6f61.dir/CheckFunctionExists.c.o   -c /usr/share/cmake-3.5/Modules/CheckFunctionExists.c
Linking C executable cmTC_f6f61
/usr/bin/cmake -E cmake_link_script CMakeFiles/cmTC_f6f61.dir/link.txt --verbose=1
/usr/bin/cc  -g -O0 -fprofile-arcs -ftest-coverage -DCHECK_FUNCTION_EXISTS=pthread_create    CMakeFiles/cmTC_f6f61.dir/CheckFunctionExists.c.o  -o cmTC_f6f61 -rdynamic -lpthreads 
/usr/bin/ld: cannot find -lpthreads
collect2: error: ld returned 1 exit status
CMakeFiles/cmTC_f6f61.dir/build.make:97: recipe for target 'cmTC_f6f61' failed
make[1]: *** [cmTC_f6f61] Error 1
make[1]: Leaving directory '/home/bob/Bob_old/Brain/Discrete_Planners/build/CMakeFiles/CMakeTmp'
Makefile:126: recipe for target 'cmTC_f6f61/fast' failed
make: *** [cmTC_f6f61/fast] Error 2


